{"C:\\Users\\Ryane\\Desktop\\express-api\\app.js": {"path":"C:\\Users\\Ryane\\Desktop\\express-api\\app.js","statementMap":{"0":{"start":{"line":2,"column":0},"end":{"line":2,"column":27}},"1":{"start":{"line":4,"column":13},"end":{"line":4,"column":29}},"2":{"start":{"line":5,"column":16},"end":{"line":5,"column":34}},"3":{"start":{"line":6,"column":12},"end":{"line":6,"column":21}},"4":{"start":{"line":8,"column":19},"end":{"line":8,"column":44}},"5":{"start":{"line":9,"column":25},"end":{"line":9,"column":53}},"6":{"start":{"line":10,"column":20},"end":{"line":10,"column":45}},"7":{"start":{"line":12,"column":0},"end":{"line":12,"column":24}},"8":{"start":{"line":14,"column":0},"end":{"line":14,"column":47}},"9":{"start":{"line":15,"column":0},"end":{"line":15,"column":24}},"10":{"start":{"line":18,"column":0},"end":{"line":20,"column":2}},"11":{"start":{"line":19,"column":2},"end":{"line":19,"column":54}},"12":{"start":{"line":22,"column":0},"end":{"line":22,"column":20}}},"fnMap":{"0":{"name":"(anonymous_0)","decl":{"start":{"line":18,"column":17},"end":{"line":18,"column":18}},"loc":{"start":{"line":18,"column":23},"end":{"line":20,"column":1}},"line":18}},"branchMap":{},"s":{"0":1,"1":1,"2":1,"3":1,"4":1,"5":1,"6":1,"7":1,"8":1,"9":1,"10":1,"11":1,"12":1},"f":{"0":1},"b":{},"_coverageSchema":"1a1c01bbd47fc00a2c39e90264f33305004495a9","hash":"f94746dd7c922f7adf8acea5dce79d8c5a4e55f1"}
,"C:\\Users\\Ryane\\Desktop\\express-api\\config\\config.js": {"path":"C:\\Users\\Ryane\\Desktop\\express-api\\config\\config.js","statementMap":{"0":{"start":{"line":1,"column":0},"end":{"line":1,"column":27}},"1":{"start":{"line":3,"column":0},"end":{"line":10,"column":1}}},"fnMap":{},"branchMap":{},"s":{"0":1,"1":1},"f":{},"b":{},"_coverageSchema":"1a1c01bbd47fc00a2c39e90264f33305004495a9","hash":"84b5a961116d6e51243d72a806a9c5e108de44a9"}
,"C:\\Users\\Ryane\\Desktop\\express-api\\mailtrap\\mailer.js": {"path":"C:\\Users\\Ryane\\Desktop\\express-api\\mailtrap\\mailer.js","statementMap":{"0":{"start":{"line":1,"column":13},"end":{"line":1,"column":28}},"1":{"start":{"line":3,"column":19},"end":{"line":3,"column":40}},"2":{"start":{"line":4,"column":12},"end":{"line":4,"column":52}},"3":{"start":{"line":6,"column":18},"end":{"line":13,"column":2}},"4":{"start":{"line":15,"column":0},"end":{"line":23,"column":3}},"5":{"start":{"line":25,"column":0},"end":{"line":25,"column":26}}},"fnMap":{},"branchMap":{},"s":{"0":1,"1":1,"2":1,"3":1,"4":1,"5":1},"f":{},"b":{},"_coverageSchema":"1a1c01bbd47fc00a2c39e90264f33305004495a9","hash":"11f3f441836d1819e14090b7d263c8f5aeb0521d"}
,"C:\\Users\\Ryane\\Desktop\\express-api\\middleware\\auth.js": {"path":"C:\\Users\\Ryane\\Desktop\\express-api\\middleware\\auth.js","statementMap":{"0":{"start":{"line":1,"column":12},"end":{"line":1,"column":35}},"1":{"start":{"line":4,"column":0},"end":{"line":32,"column":2}},"2":{"start":{"line":6,"column":23},"end":{"line":6,"column":48}},"3":{"start":{"line":8,"column":4},"end":{"line":12,"column":5}},"4":{"start":{"line":9,"column":6},"end":{"line":11,"column":9}},"5":{"start":{"line":14,"column":22},"end":{"line":14,"column":43}},"6":{"start":{"line":16,"column":4},"end":{"line":20,"column":5}},"7":{"start":{"line":17,"column":6},"end":{"line":19,"column":9}},"8":{"start":{"line":22,"column":4},"end":{"line":30,"column":5}},"9":{"start":{"line":23,"column":21},"end":{"line":23,"column":63}},"10":{"start":{"line":24,"column":6},"end":{"line":24,"column":29}},"11":{"start":{"line":25,"column":6},"end":{"line":25,"column":20}},"12":{"start":{"line":27,"column":6},"end":{"line":29,"column":9}}},"fnMap":{"0":{"name":"(anonymous_0)","decl":{"start":{"line":5,"column":18},"end":{"line":5,"column":19}},"loc":{"start":{"line":5,"column":50},"end":{"line":31,"column":3}},"line":5}},"branchMap":{"0":{"loc":{"start":{"line":8,"column":4},"end":{"line":12,"column":5}},"type":"if","locations":[{"start":{"line":8,"column":4},"end":{"line":12,"column":5}},{"start":{},"end":{}}],"line":8},"1":{"loc":{"start":{"line":16,"column":4},"end":{"line":20,"column":5}},"type":"if","locations":[{"start":{"line":16,"column":4},"end":{"line":20,"column":5}},{"start":{},"end":{}}],"line":16}},"s":{"0":1,"1":1,"2":0,"3":0,"4":0,"5":0,"6":0,"7":0,"8":0,"9":0,"10":0,"11":0,"12":0},"f":{"0":0},"b":{"0":[0,0],"1":[0,0]},"_coverageSchema":"1a1c01bbd47fc00a2c39e90264f33305004495a9","hash":"9175673eff7a4779c34b95f8c835b5770237f540"}
,"C:\\Users\\Ryane\\Desktop\\express-api\\routes\\tasks.js": {"path":"C:\\Users\\Ryane\\Desktop\\express-api\\routes\\tasks.js","statementMap":{"0":{"start":{"line":1,"column":14},"end":{"line":1,"column":32}},"1":{"start":{"line":2,"column":106},"end":{"line":2,"column":141}},"2":{"start":{"line":3,"column":15},"end":{"line":3,"column":31}},"3":{"start":{"line":4,"column":48},"end":{"line":4,"column":86}},"4":{"start":{"line":7,"column":0},"end":{"line":7,"column":26}},"5":{"start":{"line":8,"column":0},"end":{"line":8,"column":32}},"6":{"start":{"line":9,"column":0},"end":{"line":9,"column":34}},"7":{"start":{"line":10,"column":0},"end":{"line":10,"column":32}},"8":{"start":{"line":11,"column":0},"end":{"line":11,"column":34}},"9":{"start":{"line":12,"column":0},"end":{"line":12,"column":31}},"10":{"start":{"line":13,"column":0},"end":{"line":13,"column":40}},"11":{"start":{"line":14,"column":0},"end":{"line":14,"column":39}},"12":{"start":{"line":17,"column":0},"end":{"line":17,"column":40}},"13":{"start":{"line":18,"column":0},"end":{"line":18,"column":40}},"14":{"start":{"line":20,"column":0},"end":{"line":20,"column":24}}},"fnMap":{},"branchMap":{},"s":{"0":1,"1":1,"2":1,"3":1,"4":1,"5":1,"6":1,"7":1,"8":1,"9":1,"10":1,"11":1,"12":1,"13":1,"14":1},"f":{},"b":{},"_coverageSchema":"1a1c01bbd47fc00a2c39e90264f33305004495a9","hash":"7a6a149790fb635bc6c7bd4a381a761f6e56e607"}
,"C:\\Users\\Ryane\\Desktop\\express-api\\routes\\users.js": {"path":"C:\\Users\\Ryane\\Desktop\\express-api\\routes\\users.js","statementMap":{"0":{"start":{"line":1,"column":14},"end":{"line":1,"column":32}},"1":{"start":{"line":2,"column":65},"end":{"line":2,"column":100}},"2":{"start":{"line":3,"column":15},"end":{"line":3,"column":31}},"3":{"start":{"line":4,"column":25},"end":{"line":4,"column":54}},"4":{"start":{"line":5,"column":35},"end":{"line":5,"column":73}},"5":{"start":{"line":6,"column":39},"end":{"line":6,"column":73}},"6":{"start":{"line":10,"column":0},"end":{"line":10,"column":29}},"7":{"start":{"line":11,"column":0},"end":{"line":11,"column":41}},"8":{"start":{"line":12,"column":0},"end":{"line":12,"column":47}},"9":{"start":{"line":13,"column":0},"end":{"line":13,"column":48}},"10":{"start":{"line":14,"column":0},"end":{"line":14,"column":51}},"11":{"start":{"line":15,"column":0},"end":{"line":15,"column":29}},"12":{"start":{"line":16,"column":0},"end":{"line":16,"column":48}},"13":{"start":{"line":17,"column":0},"end":{"line":17,"column":41}},"14":{"start":{"line":20,"column":0},"end":{"line":20,"column":55}},"15":{"start":{"line":21,"column":0},"end":{"line":21,"column":62}},"16":{"start":{"line":23,"column":0},"end":{"line":23,"column":24}}},"fnMap":{},"branchMap":{},"s":{"0":1,"1":1,"2":1,"3":1,"4":1,"5":1,"6":1,"7":1,"8":1,"9":1,"10":1,"11":1,"12":1,"13":1,"14":1,"15":1,"16":1},"f":{},"b":{},"_coverageSchema":"1a1c01bbd47fc00a2c39e90264f33305004495a9","hash":"69f4bf8ee1271718de0d77b4755e24bc351bf8bd"}
,"C:\\Users\\Ryane\\Desktop\\express-api\\src\\controllers\\auth.js": {"path":"C:\\Users\\Ryane\\Desktop\\express-api\\src\\controllers\\auth.js","statementMap":{"0":{"start":{"line":1,"column":11},"end":{"line":1,"column":37}},"1":{"start":{"line":2,"column":12},"end":{"line":2,"column":35}},"2":{"start":{"line":3,"column":15},"end":{"line":3,"column":34}},"3":{"start":{"line":4,"column":15},"end":{"line":4,"column":47}},"4":{"start":{"line":5,"column":18},"end":{"line":5,"column":35}},"5":{"start":{"line":7,"column":14},"end":{"line":43,"column":1}},"6":{"start":{"line":8,"column":16},"end":{"line":8,"column":30}},"7":{"start":{"line":9,"column":15},"end":{"line":9,"column":32}},"8":{"start":{"line":11,"column":2},"end":{"line":39,"column":3}},"9":{"start":{"line":14,"column":17},"end":{"line":18,"column":6}},"10":{"start":{"line":20,"column":4},"end":{"line":35,"column":5}},"11":{"start":{"line":21,"column":6},"end":{"line":26,"column":7}},"12":{"start":{"line":23,"column":8},"end":{"line":25,"column":11}},"13":{"start":{"line":27,"column":20},"end":{"line":29,"column":8}},"14":{"start":{"line":30,"column":6},"end":{"line":34,"column":9}},"15":{"start":{"line":36,"column":4},"end":{"line":38,"column":7}},"16":{"start":{"line":40,"column":2},"end":{"line":42,"column":5}},"17":{"start":{"line":46,"column":19},"end":{"line":92,"column":1}},"18":{"start":{"line":47,"column":16},"end":{"line":47,"column":30}},"19":{"start":{"line":50,"column":15},"end":{"line":52,"column":4}},"20":{"start":{"line":53,"column":2},"end":{"line":55,"column":3}},"21":{"start":{"line":54,"column":4},"end":{"line":54,"column":61}},"22":{"start":{"line":58,"column":16},"end":{"line":58,"column":56}},"23":{"start":{"line":59,"column":15},"end":{"line":59,"column":25}},"24":{"start":{"line":61,"column":2},"end":{"line":61,"column":42}},"25":{"start":{"line":63,"column":2},"end":{"line":73,"column":4}},"26":{"start":{"line":75,"column":2},"end":{"line":91,"column":4}},"27":{"start":{"line":83,"column":6},"end":{"line":85,"column":7}},"28":{"start":{"line":84,"column":8},"end":{"line":84,"column":66}},"29":{"start":{"line":86,"column":6},"end":{"line":89,"column":9}},"30":{"start":{"line":95,"column":16},"end":{"line":134,"column":1}},"31":{"start":{"line":96,"column":40},"end":{"line":96,"column":48}},"32":{"start":{"line":97,"column":15},"end":{"line":97,"column":25}},"33":{"start":{"line":99,"column":2},"end":{"line":133,"column":3}},"34":{"start":{"line":100,"column":17},"end":{"line":105,"column":6}},"35":{"start":{"line":106,"column":4},"end":{"line":108,"column":5}},"36":{"start":{"line":107,"column":6},"end":{"line":107,"column":70}},"37":{"start":{"line":109,"column":4},"end":{"line":111,"column":5}},"38":{"start":{"line":110,"column":6},"end":{"line":110,"column":65}},"39":{"start":{"line":112,"column":4},"end":{"line":114,"column":5}},"40":{"start":{"line":113,"column":6},"end":{"line":113,"column":68}},"41":{"start":{"line":116,"column":4},"end":{"line":130,"column":9}},"42":{"start":{"line":124,"column":8},"end":{"line":126,"column":11}},"43":{"start":{"line":129,"column":8},"end":{"line":129,"column":34}},"44":{"start":{"line":132,"column":4},"end":{"line":132,"column":49}},"45":{"start":{"line":135,"column":0},"end":{"line":139,"column":2}}},"fnMap":{"0":{"name":"(anonymous_0)","decl":{"start":{"line":7,"column":14},"end":{"line":7,"column":15}},"loc":{"start":{"line":7,"column":34},"end":{"line":43,"column":1}},"line":7},"1":{"name":"(anonymous_1)","decl":{"start":{"line":46,"column":19},"end":{"line":46,"column":20}},"loc":{"start":{"line":46,"column":39},"end":{"line":92,"column":1}},"line":46},"2":{"name":"(anonymous_2)","decl":{"start":{"line":82,"column":4},"end":{"line":82,"column":5}},"loc":{"start":{"line":82,"column":13},"end":{"line":90,"column":5}},"line":82},"3":{"name":"(anonymous_3)","decl":{"start":{"line":95,"column":16},"end":{"line":95,"column":17}},"loc":{"start":{"line":95,"column":36},"end":{"line":134,"column":1}},"line":95},"4":{"name":"(anonymous_4)","decl":{"start":{"line":123,"column":12},"end":{"line":123,"column":13}},"loc":{"start":{"line":123,"column":25},"end":{"line":127,"column":7}},"line":123},"5":{"name":"(anonymous_5)","decl":{"start":{"line":128,"column":13},"end":{"line":128,"column":14}},"loc":{"start":{"line":128,"column":22},"end":{"line":130,"column":7}},"line":128}},"branchMap":{"0":{"loc":{"start":{"line":11,"column":2},"end":{"line":39,"column":3}},"type":"if","locations":[{"start":{"line":11,"column":2},"end":{"line":39,"column":3}},{"start":{},"end":{}}],"line":11},"1":{"loc":{"start":{"line":11,"column":6},"end":{"line":11,"column":19}},"type":"binary-expr","locations":[{"start":{"line":11,"column":6},"end":{"line":11,"column":11}},{"start":{"line":11,"column":15},"end":{"line":11,"column":19}}],"line":11},"2":{"loc":{"start":{"line":20,"column":4},"end":{"line":35,"column":5}},"type":"if","locations":[{"start":{"line":20,"column":4},"end":{"line":35,"column":5}},{"start":{},"end":{}}],"line":20},"3":{"loc":{"start":{"line":21,"column":6},"end":{"line":26,"column":7}},"type":"if","locations":[{"start":{"line":21,"column":6},"end":{"line":26,"column":7}},{"start":{},"end":{}}],"line":21},"4":{"loc":{"start":{"line":53,"column":2},"end":{"line":55,"column":3}},"type":"if","locations":[{"start":{"line":53,"column":2},"end":{"line":55,"column":3}},{"start":{},"end":{}}],"line":53},"5":{"loc":{"start":{"line":83,"column":6},"end":{"line":85,"column":7}},"type":"if","locations":[{"start":{"line":83,"column":6},"end":{"line":85,"column":7}},{"start":{},"end":{}}],"line":83},"6":{"loc":{"start":{"line":106,"column":4},"end":{"line":108,"column":5}},"type":"if","locations":[{"start":{"line":106,"column":4},"end":{"line":108,"column":5}},{"start":{},"end":{}}],"line":106},"7":{"loc":{"start":{"line":109,"column":4},"end":{"line":111,"column":5}},"type":"if","locations":[{"start":{"line":109,"column":4},"end":{"line":111,"column":5}},{"start":{},"end":{}}],"line":109},"8":{"loc":{"start":{"line":112,"column":4},"end":{"line":114,"column":5}},"type":"if","locations":[{"start":{"line":112,"column":4},"end":{"line":114,"column":5}},{"start":{},"end":{}}],"line":112}},"s":{"0":1,"1":1,"2":1,"3":1,"4":1,"5":1,"6":0,"7":0,"8":0,"9":0,"10":0,"11":0,"12":0,"13":0,"14":0,"15":0,"16":0,"17":1,"18":0,"19":0,"20":0,"21":0,"22":0,"23":0,"24":0,"25":0,"26":0,"27":0,"28":0,"29":0,"30":1,"31":1,"32":1,"33":1,"34":1,"35":1,"36":0,"37":1,"38":1,"39":0,"40":0,"41":0,"42":0,"43":0,"44":0,"45":1},"f":{"0":0,"1":0,"2":0,"3":1,"4":0,"5":0},"b":{"0":[0,0],"1":[0,0],"2":[0,0],"3":[0,0],"4":[0,0],"5":[0,0],"6":[0,1],"7":[1,0],"8":[0,0]},"_coverageSchema":"1a1c01bbd47fc00a2c39e90264f33305004495a9","hash":"5f81d0e0b14bcf2dd95ce27f22cdc96f0672f2a7"}
,"C:\\Users\\Ryane\\Desktop\\express-api\\src\\controllers\\comments.js": {"path":"C:\\Users\\Ryane\\Desktop\\express-api\\src\\controllers\\comments.js","statementMap":{"0":{"start":{"line":1,"column":18},"end":{"line":1,"column":38}},"1":{"start":{"line":2,"column":11},"end":{"line":2,"column":37}},"2":{"start":{"line":4,"column":19},"end":{"line":25,"column":1}},"3":{"start":{"line":5,"column":18},"end":{"line":5,"column":28}},"4":{"start":{"line":6,"column":18},"end":{"line":6,"column":31}},"5":{"start":{"line":7,"column":15},"end":{"line":7,"column":31}},"6":{"start":{"line":9,"column":2},"end":{"line":13,"column":3}},"7":{"start":{"line":10,"column":4},"end":{"line":12,"column":6}},"8":{"start":{"line":15,"column":2},"end":{"line":24,"column":4}},"9":{"start":{"line":20,"column":4},"end":{"line":20,"column":64}},"10":{"start":{"line":23,"column":4},"end":{"line":23,"column":29}},"11":{"start":{"line":27,"column":20},"end":{"line":41,"column":1}},"12":{"start":{"line":28,"column":15},"end":{"line":28,"column":70}},"13":{"start":{"line":29,"column":2},"end":{"line":31,"column":3}},"14":{"start":{"line":30,"column":3},"end":{"line":30,"column":69}},"15":{"start":{"line":33,"column":2},"end":{"line":40,"column":5}},"16":{"start":{"line":39,"column":4},"end":{"line":39,"column":38}},"17":{"start":{"line":43,"column":19},"end":{"line":52,"column":1}},"18":{"start":{"line":44,"column":2},"end":{"line":51,"column":5}},"19":{"start":{"line":50,"column":4},"end":{"line":50,"column":38}},"20":{"start":{"line":54,"column":19},"end":{"line":70,"column":1}},"21":{"start":{"line":55,"column":18},"end":{"line":55,"column":71}},"22":{"start":{"line":56,"column":2},"end":{"line":60,"column":3}},"23":{"start":{"line":57,"column":4},"end":{"line":59,"column":7}},"24":{"start":{"line":61,"column":2},"end":{"line":69,"column":5}},"25":{"start":{"line":66,"column":4},"end":{"line":68,"column":7}},"26":{"start":{"line":72,"column":0},"end":{"line":77,"column":2}}},"fnMap":{"0":{"name":"(anonymous_0)","decl":{"start":{"line":4,"column":19},"end":{"line":4,"column":20}},"loc":{"start":{"line":4,"column":39},"end":{"line":25,"column":1}},"line":4},"1":{"name":"(anonymous_1)","decl":{"start":{"line":19,"column":10},"end":{"line":19,"column":11}},"loc":{"start":{"line":19,"column":14},"end":{"line":21,"column":3}},"line":19},"2":{"name":"(anonymous_2)","decl":{"start":{"line":22,"column":9},"end":{"line":22,"column":10}},"loc":{"start":{"line":22,"column":16},"end":{"line":24,"column":3}},"line":22},"3":{"name":"(anonymous_3)","decl":{"start":{"line":27,"column":20},"end":{"line":27,"column":21}},"loc":{"start":{"line":27,"column":40},"end":{"line":41,"column":1}},"line":27},"4":{"name":"(anonymous_4)","decl":{"start":{"line":38,"column":10},"end":{"line":38,"column":11}},"loc":{"start":{"line":38,"column":20},"end":{"line":40,"column":3}},"line":38},"5":{"name":"(anonymous_5)","decl":{"start":{"line":43,"column":19},"end":{"line":43,"column":20}},"loc":{"start":{"line":43,"column":39},"end":{"line":52,"column":1}},"line":43},"6":{"name":"(anonymous_6)","decl":{"start":{"line":49,"column":10},"end":{"line":49,"column":11}},"loc":{"start":{"line":49,"column":20},"end":{"line":51,"column":3}},"line":49},"7":{"name":"(anonymous_7)","decl":{"start":{"line":54,"column":19},"end":{"line":54,"column":20}},"loc":{"start":{"line":54,"column":39},"end":{"line":70,"column":1}},"line":54},"8":{"name":"(anonymous_8)","decl":{"start":{"line":65,"column":10},"end":{"line":65,"column":11}},"loc":{"start":{"line":65,"column":16},"end":{"line":69,"column":3}},"line":65}},"branchMap":{"0":{"loc":{"start":{"line":9,"column":2},"end":{"line":13,"column":3}},"type":"if","locations":[{"start":{"line":9,"column":2},"end":{"line":13,"column":3}},{"start":{},"end":{}}],"line":9},"1":{"loc":{"start":{"line":29,"column":2},"end":{"line":31,"column":3}},"type":"if","locations":[{"start":{"line":29,"column":2},"end":{"line":31,"column":3}},{"start":{},"end":{}}],"line":29},"2":{"loc":{"start":{"line":56,"column":2},"end":{"line":60,"column":3}},"type":"if","locations":[{"start":{"line":56,"column":2},"end":{"line":60,"column":3}},{"start":{},"end":{}}],"line":56}},"s":{"0":1,"1":1,"2":1,"3":0,"4":0,"5":0,"6":0,"7":0,"8":0,"9":0,"10":0,"11":1,"12":0,"13":0,"14":0,"15":0,"16":0,"17":1,"18":0,"19":0,"20":1,"21":0,"22":0,"23":0,"24":0,"25":0,"26":1},"f":{"0":0,"1":0,"2":0,"3":0,"4":0,"5":0,"6":0,"7":0,"8":0},"b":{"0":[0,0],"1":[0,0],"2":[0,0]},"_coverageSchema":"1a1c01bbd47fc00a2c39e90264f33305004495a9","hash":"f88208272283ecba934e318dfaf29925f39cf778"}
,"C:\\Users\\Ryane\\Desktop\\express-api\\src\\controllers\\tasks.js": {"path":"C:\\Users\\Ryane\\Desktop\\express-api\\src\\controllers\\tasks.js","statementMap":{"0":{"start":{"line":1,"column":11},"end":{"line":1,"column":37}},"1":{"start":{"line":4,"column":19},"end":{"line":19,"column":1}},"2":{"start":{"line":5,"column":15},"end":{"line":5,"column":23}},"3":{"start":{"line":6,"column":2},"end":{"line":6,"column":27}},"4":{"start":{"line":8,"column":2},"end":{"line":18,"column":7}},"5":{"start":{"line":10,"column":6},"end":{"line":12,"column":9}},"6":{"start":{"line":15,"column":6},"end":{"line":17,"column":9}},"7":{"start":{"line":22,"column":17},"end":{"line":37,"column":1}},"8":{"start":{"line":23,"column":15},"end":{"line":32,"column":4}},"9":{"start":{"line":34,"column":2},"end":{"line":36,"column":5}},"10":{"start":{"line":40,"column":19},"end":{"line":51,"column":1}},"11":{"start":{"line":41,"column":15},"end":{"line":47,"column":4}},"12":{"start":{"line":48,"column":2},"end":{"line":50,"column":5}},"13":{"start":{"line":54,"column":20},"end":{"line":65,"column":1}},"14":{"start":{"line":55,"column":15},"end":{"line":61,"column":4}},"15":{"start":{"line":62,"column":2},"end":{"line":64,"column":5}},"16":{"start":{"line":68,"column":17},"end":{"line":87,"column":1}},"17":{"start":{"line":69,"column":17},"end":{"line":69,"column":30}},"18":{"start":{"line":70,"column":15},"end":{"line":70,"column":23}},"19":{"start":{"line":71,"column":2},"end":{"line":86,"column":7}},"20":{"start":{"line":78,"column":6},"end":{"line":80,"column":9}},"21":{"start":{"line":83,"column":6},"end":{"line":85,"column":9}},"22":{"start":{"line":90,"column":19},"end":{"line":113,"column":1}},"23":{"start":{"line":91,"column":17},"end":{"line":91,"column":30}},"24":{"start":{"line":93,"column":2},"end":{"line":112,"column":7}},"25":{"start":{"line":104,"column":6},"end":{"line":106,"column":9}},"26":{"start":{"line":109,"column":6},"end":{"line":111,"column":9}},"27":{"start":{"line":116,"column":19},"end":{"line":145,"column":1}},"28":{"start":{"line":117,"column":17},"end":{"line":117,"column":30}},"29":{"start":{"line":119,"column":13},"end":{"line":123,"column":4}},"30":{"start":{"line":124,"column":2},"end":{"line":128,"column":3}},"31":{"start":{"line":125,"column":4},"end":{"line":127,"column":7}},"32":{"start":{"line":129,"column":2},"end":{"line":144,"column":7}},"33":{"start":{"line":136,"column":6},"end":{"line":138,"column":9}},"34":{"start":{"line":141,"column":6},"end":{"line":143,"column":9}},"35":{"start":{"line":148,"column":21},"end":{"line":189,"column":1}},"36":{"start":{"line":149,"column":15},"end":{"line":149,"column":28}},"37":{"start":{"line":151,"column":2},"end":{"line":187,"column":3}},"38":{"start":{"line":152,"column":19},"end":{"line":157,"column":6}},"39":{"start":{"line":159,"column":4},"end":{"line":165,"column":5}},"40":{"start":{"line":160,"column":21},"end":{"line":160,"column":25}},"41":{"start":{"line":161,"column":6},"end":{"line":161,"column":31}},"42":{"start":{"line":163,"column":21},"end":{"line":163,"column":26}},"43":{"start":{"line":164,"column":6},"end":{"line":164,"column":31}},"44":{"start":{"line":167,"column":4},"end":{"line":184,"column":9}},"45":{"start":{"line":176,"column":8},"end":{"line":178,"column":11}},"46":{"start":{"line":181,"column":8},"end":{"line":183,"column":11}},"47":{"start":{"line":186,"column":4},"end":{"line":186,"column":31}},"48":{"start":{"line":191,"column":0},"end":{"line":200,"column":2}}},"fnMap":{"0":{"name":"(anonymous_0)","decl":{"start":{"line":4,"column":19},"end":{"line":4,"column":20}},"loc":{"start":{"line":4,"column":39},"end":{"line":19,"column":1}},"line":4},"1":{"name":"(anonymous_1)","decl":{"start":{"line":9,"column":10},"end":{"line":9,"column":11}},"loc":{"start":{"line":9,"column":16},"end":{"line":13,"column":5}},"line":9},"2":{"name":"(anonymous_2)","decl":{"start":{"line":14,"column":11},"end":{"line":14,"column":12}},"loc":{"start":{"line":14,"column":20},"end":{"line":18,"column":5}},"line":14},"3":{"name":"(anonymous_3)","decl":{"start":{"line":22,"column":17},"end":{"line":22,"column":18}},"loc":{"start":{"line":22,"column":37},"end":{"line":37,"column":1}},"line":22},"4":{"name":"(anonymous_4)","decl":{"start":{"line":40,"column":19},"end":{"line":40,"column":20}},"loc":{"start":{"line":40,"column":39},"end":{"line":51,"column":1}},"line":40},"5":{"name":"(anonymous_5)","decl":{"start":{"line":54,"column":20},"end":{"line":54,"column":21}},"loc":{"start":{"line":54,"column":40},"end":{"line":65,"column":1}},"line":54},"6":{"name":"(anonymous_6)","decl":{"start":{"line":68,"column":17},"end":{"line":68,"column":18}},"loc":{"start":{"line":68,"column":37},"end":{"line":87,"column":1}},"line":68},"7":{"name":"(anonymous_7)","decl":{"start":{"line":77,"column":10},"end":{"line":77,"column":11}},"loc":{"start":{"line":77,"column":16},"end":{"line":81,"column":5}},"line":77},"8":{"name":"(anonymous_8)","decl":{"start":{"line":82,"column":11},"end":{"line":82,"column":12}},"loc":{"start":{"line":82,"column":20},"end":{"line":86,"column":5}},"line":82},"9":{"name":"(anonymous_9)","decl":{"start":{"line":90,"column":19},"end":{"line":90,"column":20}},"loc":{"start":{"line":90,"column":39},"end":{"line":113,"column":1}},"line":90},"10":{"name":"(anonymous_10)","decl":{"start":{"line":103,"column":10},"end":{"line":103,"column":11}},"loc":{"start":{"line":103,"column":20},"end":{"line":107,"column":5}},"line":103},"11":{"name":"(anonymous_11)","decl":{"start":{"line":108,"column":11},"end":{"line":108,"column":12}},"loc":{"start":{"line":108,"column":20},"end":{"line":112,"column":5}},"line":108},"12":{"name":"(anonymous_12)","decl":{"start":{"line":116,"column":19},"end":{"line":116,"column":20}},"loc":{"start":{"line":116,"column":39},"end":{"line":145,"column":1}},"line":116},"13":{"name":"(anonymous_13)","decl":{"start":{"line":135,"column":10},"end":{"line":135,"column":11}},"loc":{"start":{"line":135,"column":16},"end":{"line":139,"column":5}},"line":135},"14":{"name":"(anonymous_14)","decl":{"start":{"line":140,"column":11},"end":{"line":140,"column":12}},"loc":{"start":{"line":140,"column":20},"end":{"line":144,"column":5}},"line":140},"15":{"name":"(anonymous_15)","decl":{"start":{"line":148,"column":21},"end":{"line":148,"column":22}},"loc":{"start":{"line":148,"column":41},"end":{"line":189,"column":1}},"line":148},"16":{"name":"(anonymous_16)","decl":{"start":{"line":175,"column":12},"end":{"line":175,"column":13}},"loc":{"start":{"line":175,"column":18},"end":{"line":179,"column":7}},"line":175},"17":{"name":"(anonymous_17)","decl":{"start":{"line":180,"column":13},"end":{"line":180,"column":14}},"loc":{"start":{"line":180,"column":22},"end":{"line":184,"column":7}},"line":180}},"branchMap":{"0":{"loc":{"start":{"line":124,"column":2},"end":{"line":128,"column":3}},"type":"if","locations":[{"start":{"line":124,"column":2},"end":{"line":128,"column":3}},{"start":{},"end":{}}],"line":124},"1":{"loc":{"start":{"line":159,"column":4},"end":{"line":165,"column":5}},"type":"if","locations":[{"start":{"line":159,"column":4},"end":{"line":165,"column":5}},{"start":{"line":162,"column":11},"end":{"line":165,"column":5}}],"line":159}},"s":{"0":1,"1":1,"2":0,"3":0,"4":0,"5":0,"6":0,"7":1,"8":0,"9":0,"10":1,"11":0,"12":0,"13":1,"14":0,"15":0,"16":1,"17":0,"18":0,"19":0,"20":0,"21":0,"22":1,"23":0,"24":0,"25":0,"26":0,"27":1,"28":0,"29":0,"30":0,"31":0,"32":0,"33":0,"34":0,"35":1,"36":0,"37":0,"38":0,"39":0,"40":0,"41":0,"42":0,"43":0,"44":0,"45":0,"46":0,"47":0,"48":1},"f":{"0":0,"1":0,"2":0,"3":0,"4":0,"5":0,"6":0,"7":0,"8":0,"9":0,"10":0,"11":0,"12":0,"13":0,"14":0,"15":0,"16":0,"17":0},"b":{"0":[0,0],"1":[0,0]},"_coverageSchema":"1a1c01bbd47fc00a2c39e90264f33305004495a9","hash":"02861368b9b9f9bb4bae5bf4bde18535b72231ef"}
,"C:\\Users\\Ryane\\Desktop\\express-api\\src\\controllers\\users.js": {"path":"C:\\Users\\Ryane\\Desktop\\express-api\\src\\controllers\\users.js","statementMap":{"0":{"start":{"line":2,"column":11},"end":{"line":2,"column":37}},"1":{"start":{"line":5,"column":15},"end":{"line":15,"column":1}},"2":{"start":{"line":6,"column":2},"end":{"line":14,"column":7}},"3":{"start":{"line":10,"column":6},"end":{"line":10,"column":33}},"4":{"start":{"line":13,"column":6},"end":{"line":13,"column":32}},"5":{"start":{"line":18,"column":19},"end":{"line":47,"column":1}},"6":{"start":{"line":19,"column":15},"end":{"line":19,"column":23}},"7":{"start":{"line":21,"column":2},"end":{"line":25,"column":3}},"8":{"start":{"line":22,"column":4},"end":{"line":24,"column":7}},"9":{"start":{"line":27,"column":16},"end":{"line":31,"column":4}},"10":{"start":{"line":33,"column":2},"end":{"line":45,"column":3}},"11":{"start":{"line":34,"column":4},"end":{"line":44,"column":9}},"12":{"start":{"line":36,"column":8},"end":{"line":36,"column":36}},"13":{"start":{"line":37,"column":8},"end":{"line":40,"column":11}},"14":{"start":{"line":43,"column":8},"end":{"line":43,"column":34}},"15":{"start":{"line":46,"column":2},"end":{"line":46,"column":25}},"16":{"start":{"line":50,"column":19},"end":{"line":70,"column":1}},"17":{"start":{"line":51,"column":13},"end":{"line":51,"column":23}},"18":{"start":{"line":52,"column":2},"end":{"line":69,"column":7}},"19":{"start":{"line":61,"column":6},"end":{"line":63,"column":9}},"20":{"start":{"line":66,"column":6},"end":{"line":68,"column":9}},"21":{"start":{"line":73,"column":19},"end":{"line":88,"column":1}},"22":{"start":{"line":74,"column":13},"end":{"line":74,"column":23}},"23":{"start":{"line":75,"column":15},"end":{"line":79,"column":4}},"24":{"start":{"line":80,"column":2},"end":{"line":84,"column":3}},"25":{"start":{"line":81,"column":4},"end":{"line":83,"column":7}},"26":{"start":{"line":85,"column":2},"end":{"line":87,"column":5}},"27":{"start":{"line":91,"column":19},"end":{"line":118,"column":1}},"28":{"start":{"line":92,"column":13},"end":{"line":92,"column":23}},"29":{"start":{"line":93,"column":15},"end":{"line":97,"column":4}},"30":{"start":{"line":98,"column":2},"end":{"line":102,"column":3}},"31":{"start":{"line":99,"column":4},"end":{"line":101,"column":7}},"32":{"start":{"line":103,"column":2},"end":{"line":117,"column":7}},"33":{"start":{"line":109,"column":6},"end":{"line":111,"column":9}},"34":{"start":{"line":114,"column":6},"end":{"line":116,"column":9}},"35":{"start":{"line":120,"column":0},"end":{"line":126,"column":2}}},"fnMap":{"0":{"name":"(anonymous_0)","decl":{"start":{"line":5,"column":15},"end":{"line":5,"column":16}},"loc":{"start":{"line":5,"column":35},"end":{"line":15,"column":1}},"line":5},"1":{"name":"(anonymous_1)","decl":{"start":{"line":9,"column":10},"end":{"line":9,"column":11}},"loc":{"start":{"line":9,"column":20},"end":{"line":11,"column":5}},"line":9},"2":{"name":"(anonymous_2)","decl":{"start":{"line":12,"column":11},"end":{"line":12,"column":12}},"loc":{"start":{"line":12,"column":20},"end":{"line":14,"column":5}},"line":12},"3":{"name":"(anonymous_3)","decl":{"start":{"line":18,"column":19},"end":{"line":18,"column":20}},"loc":{"start":{"line":18,"column":39},"end":{"line":47,"column":1}},"line":18},"4":{"name":"(anonymous_4)","decl":{"start":{"line":35,"column":12},"end":{"line":35,"column":13}},"loc":{"start":{"line":35,"column":24},"end":{"line":41,"column":7}},"line":35},"5":{"name":"(anonymous_5)","decl":{"start":{"line":42,"column":13},"end":{"line":42,"column":14}},"loc":{"start":{"line":42,"column":22},"end":{"line":44,"column":7}},"line":42},"6":{"name":"(anonymous_6)","decl":{"start":{"line":50,"column":19},"end":{"line":50,"column":20}},"loc":{"start":{"line":50,"column":39},"end":{"line":70,"column":1}},"line":50},"7":{"name":"(anonymous_7)","decl":{"start":{"line":60,"column":10},"end":{"line":60,"column":11}},"loc":{"start":{"line":60,"column":30},"end":{"line":64,"column":5}},"line":60},"8":{"name":"(anonymous_8)","decl":{"start":{"line":65,"column":11},"end":{"line":65,"column":12}},"loc":{"start":{"line":65,"column":20},"end":{"line":69,"column":5}},"line":65},"9":{"name":"(anonymous_9)","decl":{"start":{"line":73,"column":19},"end":{"line":73,"column":20}},"loc":{"start":{"line":73,"column":39},"end":{"line":88,"column":1}},"line":73},"10":{"name":"(anonymous_10)","decl":{"start":{"line":91,"column":19},"end":{"line":91,"column":20}},"loc":{"start":{"line":91,"column":39},"end":{"line":118,"column":1}},"line":91},"11":{"name":"(anonymous_11)","decl":{"start":{"line":108,"column":10},"end":{"line":108,"column":11}},"loc":{"start":{"line":108,"column":16},"end":{"line":112,"column":5}},"line":108},"12":{"name":"(anonymous_12)","decl":{"start":{"line":113,"column":11},"end":{"line":113,"column":12}},"loc":{"start":{"line":113,"column":17},"end":{"line":117,"column":5}},"line":113}},"branchMap":{"0":{"loc":{"start":{"line":21,"column":2},"end":{"line":25,"column":3}},"type":"if","locations":[{"start":{"line":21,"column":2},"end":{"line":25,"column":3}},{"start":{},"end":{}}],"line":21},"1":{"loc":{"start":{"line":21,"column":6},"end":{"line":21,"column":54}},"type":"binary-expr","locations":[{"start":{"line":21,"column":6},"end":{"line":21,"column":15}},{"start":{"line":21,"column":19},"end":{"line":21,"column":29}},{"start":{"line":21,"column":33},"end":{"line":21,"column":54}}],"line":21},"2":{"loc":{"start":{"line":33,"column":2},"end":{"line":45,"column":3}},"type":"if","locations":[{"start":{"line":33,"column":2},"end":{"line":45,"column":3}},{"start":{},"end":{}}],"line":33},"3":{"loc":{"start":{"line":80,"column":2},"end":{"line":84,"column":3}},"type":"if","locations":[{"start":{"line":80,"column":2},"end":{"line":84,"column":3}},{"start":{},"end":{}}],"line":80},"4":{"loc":{"start":{"line":98,"column":2},"end":{"line":102,"column":3}},"type":"if","locations":[{"start":{"line":98,"column":2},"end":{"line":102,"column":3}},{"start":{},"end":{}}],"line":98}},"s":{"0":1,"1":1,"2":0,"3":0,"4":0,"5":1,"6":0,"7":0,"8":0,"9":0,"10":0,"11":0,"12":0,"13":0,"14":0,"15":0,"16":1,"17":0,"18":0,"19":0,"20":0,"21":1,"22":0,"23":0,"24":0,"25":0,"26":0,"27":1,"28":0,"29":0,"30":0,"31":0,"32":0,"33":0,"34":0,"35":1},"f":{"0":0,"1":0,"2":0,"3":0,"4":0,"5":0,"6":0,"7":0,"8":0,"9":0,"10":0,"11":0,"12":0},"b":{"0":[0,0],"1":[0,0,0],"2":[0,0],"3":[0,0],"4":[0,0]},"_coverageSchema":"1a1c01bbd47fc00a2c39e90264f33305004495a9","hash":"407e13ff52fc983a18b43a54ff213c47c1f765ab"}
,"C:\\Users\\Ryane\\Desktop\\express-api\\src\\models\\comment.js": {"path":"C:\\Users\\Ryane\\Desktop\\express-api\\src\\models\\comment.js","statementMap":{"0":{"start":{"line":4,"column":4},"end":{"line":4,"column":24}},"1":{"start":{"line":5,"column":0},"end":{"line":26,"column":2}},"2":{"start":{"line":16,"column":2},"end":{"line":23,"column":5}},"3":{"start":{"line":25,"column":2},"end":{"line":25,"column":17}}},"fnMap":{"0":{"name":"(anonymous_0)","decl":{"start":{"line":5,"column":17},"end":{"line":5,"column":18}},"loc":{"start":{"line":5,"column":43},"end":{"line":26,"column":1}},"line":5},"1":{"name":"(anonymous_1)","decl":{"start":{"line":12,"column":4},"end":{"line":12,"column":5}},"loc":{"start":{"line":12,"column":29},"end":{"line":14,"column":5}},"line":12}},"branchMap":{},"s":{"0":1,"1":1,"2":1,"3":1},"f":{"0":1,"1":1},"b":{},"_coverageSchema":"1a1c01bbd47fc00a2c39e90264f33305004495a9","hash":"0bd8d6a1fb9e49b75310072f7348772710823a3e"}
,"C:\\Users\\Ryane\\Desktop\\express-api\\src\\models\\index.js": {"path":"C:\\Users\\Ryane\\Desktop\\express-api\\src\\models\\index.js","statementMap":{"0":{"start":{"line":3,"column":11},"end":{"line":3,"column":24}},"1":{"start":{"line":4,"column":13},"end":{"line":4,"column":28}},"2":{"start":{"line":5,"column":18},"end":{"line":5,"column":38}},"3":{"start":{"line":6,"column":17},"end":{"line":6,"column":42}},"4":{"start":{"line":7,"column":15},"end":{"line":7,"column":48}},"5":{"start":{"line":9,"column":11},"end":{"line":9,"column":13}},"6":{"start":{"line":10,"column":18},"end":{"line":10,"column":39}},"7":{"start":{"line":12,"column":0},"end":{"line":27,"column":5}},"8":{"start":{"line":14,"column":4},"end":{"line":19,"column":6}},"9":{"start":{"line":22,"column":18},"end":{"line":25,"column":5}},"10":{"start":{"line":26,"column":4},"end":{"line":26,"column":27}},"11":{"start":{"line":29,"column":0},"end":{"line":33,"column":3}},"12":{"start":{"line":30,"column":2},"end":{"line":32,"column":3}},"13":{"start":{"line":31,"column":4},"end":{"line":31,"column":32}},"14":{"start":{"line":35,"column":0},"end":{"line":35,"column":25}},"15":{"start":{"line":36,"column":0},"end":{"line":36,"column":25}},"16":{"start":{"line":38,"column":0},"end":{"line":38,"column":20}}},"fnMap":{"0":{"name":"(anonymous_0)","decl":{"start":{"line":13,"column":10},"end":{"line":13,"column":11}},"loc":{"start":{"line":13,"column":20},"end":{"line":20,"column":3}},"line":13},"1":{"name":"(anonymous_1)","decl":{"start":{"line":21,"column":11},"end":{"line":21,"column":12}},"loc":{"start":{"line":21,"column":21},"end":{"line":27,"column":3}},"line":21},"2":{"name":"(anonymous_2)","decl":{"start":{"line":29,"column":24},"end":{"line":29,"column":25}},"loc":{"start":{"line":29,"column":39},"end":{"line":33,"column":1}},"line":29}},"branchMap":{"0":{"loc":{"start":{"line":15,"column":6},"end":{"line":18,"column":37}},"type":"binary-expr","locations":[{"start":{"line":15,"column":6},"end":{"line":15,"column":29}},{"start":{"line":16,"column":6},"end":{"line":16,"column":23}},{"start":{"line":17,"column":6},"end":{"line":17,"column":30}},{"start":{"line":18,"column":6},"end":{"line":18,"column":37}}],"line":15},"1":{"loc":{"start":{"line":30,"column":2},"end":{"line":32,"column":3}},"type":"if","locations":[{"start":{"line":30,"column":2},"end":{"line":32,"column":3}},{"start":{},"end":{}}],"line":30}},"s":{"0":1,"1":1,"2":1,"3":1,"4":1,"5":1,"6":1,"7":1,"8":4,"9":3,"10":3,"11":1,"12":3,"13":3,"14":1,"15":1,"16":1},"f":{"0":4,"1":3,"2":3},"b":{"0":[4,4,3,3],"1":[3,0]},"_coverageSchema":"1a1c01bbd47fc00a2c39e90264f33305004495a9","hash":"23e402f1348a4968bbb9450bf15fd17a5edee229"}
,"C:\\Users\\Ryane\\Desktop\\express-api\\src\\models\\task.js": {"path":"C:\\Users\\Ryane\\Desktop\\express-api\\src\\models\\task.js","statementMap":{"0":{"start":{"line":2,"column":18},"end":{"line":2,"column":38}},"1":{"start":{"line":3,"column":0},"end":{"line":32,"column":2}},"2":{"start":{"line":11,"column":6},"end":{"line":13,"column":9}},"3":{"start":{"line":16,"column":2},"end":{"line":29,"column":4}},"4":{"start":{"line":31,"column":2},"end":{"line":31,"column":14}}},"fnMap":{"0":{"name":"(anonymous_0)","decl":{"start":{"line":3,"column":17},"end":{"line":3,"column":18}},"loc":{"start":{"line":3,"column":43},"end":{"line":32,"column":1}},"line":3},"1":{"name":"(anonymous_1)","decl":{"start":{"line":10,"column":4},"end":{"line":10,"column":5}},"loc":{"start":{"line":10,"column":29},"end":{"line":14,"column":5}},"line":10}},"branchMap":{},"s":{"0":1,"1":1,"2":1,"3":1,"4":1},"f":{"0":1,"1":1},"b":{},"_coverageSchema":"1a1c01bbd47fc00a2c39e90264f33305004495a9","hash":"394948ccbb537ffb1a55cfa7aca44323ca8ea8d6"}
,"C:\\Users\\Ryane\\Desktop\\express-api\\src\\models\\user.js": {"path":"C:\\Users\\Ryane\\Desktop\\express-api\\src\\models\\user.js","statementMap":{"0":{"start":{"line":2,"column":15},"end":{"line":2,"column":34}},"1":{"start":{"line":5,"column":4},"end":{"line":5,"column":24}},"2":{"start":{"line":6,"column":0},"end":{"line":43,"column":1}},"3":{"start":{"line":14,"column":6},"end":{"line":16,"column":8}},"4":{"start":{"line":19,"column":2},"end":{"line":41,"column":5}},"5":{"start":{"line":28,"column":8},"end":{"line":31,"column":9}},"6":{"start":{"line":29,"column":23},"end":{"line":29,"column":56}},"7":{"start":{"line":30,"column":10},"end":{"line":30,"column":63}},"8":{"start":{"line":34,"column":8},"end":{"line":37,"column":9}},"9":{"start":{"line":35,"column":23},"end":{"line":35,"column":56}},"10":{"start":{"line":36,"column":10},"end":{"line":36,"column":63}},"11":{"start":{"line":42,"column":2},"end":{"line":42,"column":14}}},"fnMap":{"0":{"name":"(anonymous_0)","decl":{"start":{"line":6,"column":17},"end":{"line":6,"column":18}},"loc":{"start":{"line":6,"column":43},"end":{"line":43,"column":1}},"line":6},"1":{"name":"(anonymous_1)","decl":{"start":{"line":13,"column":4},"end":{"line":13,"column":5}},"loc":{"start":{"line":13,"column":29},"end":{"line":17,"column":5}},"line":13},"2":{"name":"(anonymous_2)","decl":{"start":{"line":27,"column":19},"end":{"line":27,"column":20}},"loc":{"start":{"line":27,"column":33},"end":{"line":32,"column":7}},"line":27},"3":{"name":"(anonymous_3)","decl":{"start":{"line":33,"column":20},"end":{"line":33,"column":21}},"loc":{"start":{"line":33,"column":34},"end":{"line":38,"column":7}},"line":33}},"branchMap":{"0":{"loc":{"start":{"line":28,"column":8},"end":{"line":31,"column":9}},"type":"if","locations":[{"start":{"line":28,"column":8},"end":{"line":31,"column":9}},{"start":{},"end":{}}],"line":28},"1":{"loc":{"start":{"line":34,"column":8},"end":{"line":37,"column":9}},"type":"if","locations":[{"start":{"line":34,"column":8},"end":{"line":37,"column":9}},{"start":{},"end":{}}],"line":34}},"s":{"0":1,"1":1,"2":1,"3":1,"4":1,"5":0,"6":0,"7":0,"8":0,"9":0,"10":0,"11":1},"f":{"0":1,"1":1,"2":0,"3":0},"b":{"0":[0,0],"1":[0,0]},"_coverageSchema":"1a1c01bbd47fc00a2c39e90264f33305004495a9","hash":"4eed2d4dc6b0d802a838f9ee736217ab769603be"}
}
