TN:
SF:app.js
FN:18,(anonymous_0)
FNF:1
FNH:1
FNDA:1,(anonymous_0)
DA:2,1
DA:4,1
DA:5,1
DA:6,1
DA:8,1
DA:9,1
DA:10,1
DA:12,1
DA:14,1
DA:15,1
DA:18,1
DA:19,1
DA:22,1
LF:13
LH:13
BRF:0
BRH:0
end_of_record
TN:
SF:config\config.js
FNF:0
FNH:0
DA:1,1
DA:3,1
LF:2
LH:2
BRF:0
BRH:0
end_of_record
TN:
SF:mailtrap\mailer.js
FNF:0
FNH:0
DA:1,1
DA:3,1
DA:4,1
DA:6,1
DA:15,1
DA:25,1
LF:6
LH:6
BRF:0
BRH:0
end_of_record
TN:
SF:middleware\auth.js
FN:5,(anonymous_0)
FNF:1
FNH:0
FNDA:0,(anonymous_0)
DA:1,1
DA:4,1
DA:6,0
DA:8,0
DA:9,0
DA:14,0
DA:16,0
DA:17,0
DA:22,0
DA:23,0
DA:24,0
DA:25,0
DA:27,0
LF:13
LH:2
BRDA:8,0,0,0
BRDA:8,0,1,0
BRDA:16,1,0,0
BRDA:16,1,1,0
BRF:4
BRH:0
end_of_record
TN:
SF:routes\tasks.js
FNF:0
FNH:0
DA:1,1
DA:2,1
DA:3,1
DA:4,1
DA:7,1
DA:8,1
DA:9,1
DA:10,1
DA:11,1
DA:12,1
DA:13,1
DA:14,1
DA:17,1
DA:18,1
DA:20,1
LF:15
LH:15
BRF:0
BRH:0
end_of_record
TN:
SF:routes\users.js
FNF:0
FNH:0
DA:1,1
DA:2,1
DA:3,1
DA:4,1
DA:5,1
DA:6,1
DA:10,1
DA:11,1
DA:12,1
DA:13,1
DA:14,1
DA:15,1
DA:16,1
DA:17,1
DA:20,1
DA:21,1
DA:23,1
LF:17
LH:17
BRF:0
BRH:0
end_of_record
TN:
SF:src\controllers\auth.js
FN:7,(anonymous_0)
FN:46,(anonymous_1)
FN:82,(anonymous_2)
FN:95,(anonymous_3)
FN:123,(anonymous_4)
FN:128,(anonymous_5)
FNF:6
FNH:1
FNDA:0,(anonymous_0)
FNDA:0,(anonymous_1)
FNDA:0,(anonymous_2)
FNDA:1,(anonymous_3)
FNDA:0,(anonymous_4)
FNDA:0,(anonymous_5)
DA:1,1
DA:2,1
DA:3,1
DA:4,1
DA:5,1
DA:7,1
DA:8,0
DA:9,0
DA:11,0
DA:14,0
DA:20,0
DA:21,0
DA:23,0
DA:27,0
DA:30,0
DA:36,0
DA:40,0
DA:46,1
DA:47,0
DA:50,0
DA:53,0
DA:54,0
DA:58,0
DA:59,0
DA:61,0
DA:63,0
DA:75,0
DA:83,0
DA:84,0
DA:86,0
DA:95,1
DA:96,1
DA:97,1
DA:99,1
DA:100,1
DA:106,1
DA:107,0
DA:109,1
DA:110,1
DA:112,0
DA:113,0
DA:116,0
DA:124,0
DA:129,0
DA:132,0
DA:135,1
LF:46
LH:16
BRDA:11,0,0,0
BRDA:11,0,1,0
BRDA:11,1,0,0
BRDA:11,1,1,0
BRDA:20,2,0,0
BRDA:20,2,1,0
BRDA:21,3,0,0
BRDA:21,3,1,0
BRDA:53,4,0,0
BRDA:53,4,1,0
BRDA:83,5,0,0
BRDA:83,5,1,0
BRDA:106,6,0,0
BRDA:106,6,1,1
BRDA:109,7,0,1
BRDA:109,7,1,0
BRDA:112,8,0,0
BRDA:112,8,1,0
BRF:18
BRH:2
end_of_record
TN:
SF:src\controllers\comments.js
FN:4,(anonymous_0)
FN:19,(anonymous_1)
FN:22,(anonymous_2)
FN:27,(anonymous_3)
FN:38,(anonymous_4)
FN:43,(anonymous_5)
FN:49,(anonymous_6)
FN:54,(anonymous_7)
FN:65,(anonymous_8)
FNF:9
FNH:0
FNDA:0,(anonymous_0)
FNDA:0,(anonymous_1)
FNDA:0,(anonymous_2)
FNDA:0,(anonymous_3)
FNDA:0,(anonymous_4)
FNDA:0,(anonymous_5)
FNDA:0,(anonymous_6)
FNDA:0,(anonymous_7)
FNDA:0,(anonymous_8)
DA:1,1
DA:2,1
DA:4,1
DA:5,0
DA:6,0
DA:7,0
DA:9,0
DA:10,0
DA:15,0
DA:20,0
DA:23,0
DA:27,1
DA:28,0
DA:29,0
DA:30,0
DA:33,0
DA:39,0
DA:43,1
DA:44,0
DA:50,0
DA:54,1
DA:55,0
DA:56,0
DA:57,0
DA:61,0
DA:66,0
DA:72,1
LF:27
LH:7
BRDA:9,0,0,0
BRDA:9,0,1,0
BRDA:29,1,0,0
BRDA:29,1,1,0
BRDA:56,2,0,0
BRDA:56,2,1,0
BRF:6
BRH:0
end_of_record
TN:
SF:src\controllers\tasks.js
FN:4,(anonymous_0)
FN:9,(anonymous_1)
FN:14,(anonymous_2)
FN:22,(anonymous_3)
FN:40,(anonymous_4)
FN:54,(anonymous_5)
FN:68,(anonymous_6)
FN:77,(anonymous_7)
FN:82,(anonymous_8)
FN:90,(anonymous_9)
FN:103,(anonymous_10)
FN:108,(anonymous_11)
FN:116,(anonymous_12)
FN:135,(anonymous_13)
FN:140,(anonymous_14)
FN:148,(anonymous_15)
FN:175,(anonymous_16)
FN:180,(anonymous_17)
FNF:18
FNH:0
FNDA:0,(anonymous_0)
FNDA:0,(anonymous_1)
FNDA:0,(anonymous_2)
FNDA:0,(anonymous_3)
FNDA:0,(anonymous_4)
FNDA:0,(anonymous_5)
FNDA:0,(anonymous_6)
FNDA:0,(anonymous_7)
FNDA:0,(anonymous_8)
FNDA:0,(anonymous_9)
FNDA:0,(anonymous_10)
FNDA:0,(anonymous_11)
FNDA:0,(anonymous_12)
FNDA:0,(anonymous_13)
FNDA:0,(anonymous_14)
FNDA:0,(anonymous_15)
FNDA:0,(anonymous_16)
FNDA:0,(anonymous_17)
DA:1,1
DA:4,1
DA:5,0
DA:6,0
DA:8,0
DA:10,0
DA:15,0
DA:22,1
DA:23,0
DA:34,0
DA:40,1
DA:41,0
DA:48,0
DA:54,1
DA:55,0
DA:62,0
DA:68,1
DA:69,0
DA:70,0
DA:71,0
DA:78,0
DA:83,0
DA:90,1
DA:91,0
DA:93,0
DA:104,0
DA:109,0
DA:116,1
DA:117,0
DA:119,0
DA:124,0
DA:125,0
DA:129,0
DA:136,0
DA:141,0
DA:148,1
DA:149,0
DA:151,0
DA:152,0
DA:159,0
DA:160,0
DA:161,0
DA:163,0
DA:164,0
DA:167,0
DA:176,0
DA:181,0
DA:186,0
DA:191,1
LF:49
LH:10
BRDA:124,0,0,0
BRDA:124,0,1,0
BRDA:159,1,0,0
BRDA:159,1,1,0
BRF:4
BRH:0
end_of_record
TN:
SF:src\controllers\users.js
FN:5,(anonymous_0)
FN:9,(anonymous_1)
FN:12,(anonymous_2)
FN:18,(anonymous_3)
FN:35,(anonymous_4)
FN:42,(anonymous_5)
FN:50,(anonymous_6)
FN:60,(anonymous_7)
FN:65,(anonymous_8)
FN:73,(anonymous_9)
FN:91,(anonymous_10)
FN:108,(anonymous_11)
FN:113,(anonymous_12)
FNF:13
FNH:0
FNDA:0,(anonymous_0)
FNDA:0,(anonymous_1)
FNDA:0,(anonymous_2)
FNDA:0,(anonymous_3)
FNDA:0,(anonymous_4)
FNDA:0,(anonymous_5)
FNDA:0,(anonymous_6)
FNDA:0,(anonymous_7)
FNDA:0,(anonymous_8)
FNDA:0,(anonymous_9)
FNDA:0,(anonymous_10)
FNDA:0,(anonymous_11)
FNDA:0,(anonymous_12)
DA:2,1
DA:5,1
DA:6,0
DA:10,0
DA:13,0
DA:18,1
DA:19,0
DA:21,0
DA:22,0
DA:27,0
DA:33,0
DA:34,0
DA:36,0
DA:37,0
DA:43,0
DA:46,0
DA:50,1
DA:51,0
DA:52,0
DA:61,0
DA:66,0
DA:73,1
DA:74,0
DA:75,0
DA:80,0
DA:81,0
DA:85,0
DA:91,1
DA:92,0
DA:93,0
DA:98,0
DA:99,0
DA:103,0
DA:109,0
DA:114,0
DA:120,1
LF:36
LH:7
BRDA:21,0,0,0
BRDA:21,0,1,0
BRDA:21,1,0,0
BRDA:21,1,1,0
BRDA:21,1,2,0
BRDA:33,2,0,0
BRDA:33,2,1,0
BRDA:80,3,0,0
BRDA:80,3,1,0
BRDA:98,4,0,0
BRDA:98,4,1,0
BRF:11
BRH:0
end_of_record
TN:
SF:src\models\comment.js
FN:5,(anonymous_0)
FN:12,(anonymous_1)
FNF:2
FNH:2
FNDA:1,(anonymous_0)
FNDA:1,(anonymous_1)
DA:4,1
DA:5,1
DA:16,1
DA:25,1
LF:4
LH:4
BRF:0
BRH:0
end_of_record
TN:
SF:src\models\index.js
FN:13,(anonymous_0)
FN:21,(anonymous_1)
FN:29,(anonymous_2)
FNF:3
FNH:3
FNDA:4,(anonymous_0)
FNDA:3,(anonymous_1)
FNDA:3,(anonymous_2)
DA:3,1
DA:4,1
DA:5,1
DA:6,1
DA:7,1
DA:9,1
DA:10,1
DA:12,1
DA:14,4
DA:22,3
DA:26,3
DA:29,1
DA:30,3
DA:31,3
DA:35,1
DA:36,1
DA:38,1
LF:17
LH:17
BRDA:15,0,0,4
BRDA:15,0,1,4
BRDA:15,0,2,3
BRDA:15,0,3,3
BRDA:30,1,0,3
BRDA:30,1,1,0
BRF:6
BRH:5
end_of_record
TN:
SF:src\models\task.js
FN:3,(anonymous_0)
FN:10,(anonymous_1)
FNF:2
FNH:2
FNDA:1,(anonymous_0)
FNDA:1,(anonymous_1)
DA:2,1
DA:3,1
DA:11,1
DA:16,1
DA:31,1
LF:5
LH:5
BRF:0
BRH:0
end_of_record
TN:
SF:src\models\user.js
FN:6,(anonymous_0)
FN:13,(anonymous_1)
FN:27,(anonymous_2)
FN:33,(anonymous_3)
FNF:4
FNH:2
FNDA:1,(anonymous_0)
FNDA:1,(anonymous_1)
FNDA:0,(anonymous_2)
FNDA:0,(anonymous_3)
DA:2,1
DA:5,1
DA:6,1
DA:14,1
DA:19,1
DA:28,0
DA:29,0
DA:30,0
DA:34,0
DA:35,0
DA:36,0
DA:42,1
LF:12
LH:6
BRDA:28,0,0,0
BRDA:28,0,1,0
BRDA:34,1,0,0
BRDA:34,1,1,0
BRF:4
BRH:0
end_of_record
